# JRE version: OpenJDK Runtime Environment (8.0_242-b01) (build 1.8.0_242-release-1644-b01)
# Java VM: OpenJDK 64-Bit Server VM (25.242-b01 mixed mode windows-amd64 compressed oops)
Heap:
 PSYoungGen      total 139264K, used 100064K [0x00000000d5580000, 0x00000000e4a80000, 0x0000000100000000)
  eden space 126464K, 79% used [0x00000000d5580000,0x00000000db738260,0x00000000dd100000)
  from space 12800K, 0% used [0x00000000dd100000,0x00000000dd100000,0x00000000ddd80000)
  to   space 13824K, 0% used [0x00000000e3d00000,0x00000000e3d00000,0x00000000e4a80000)
 ParOldGen       total 69632K, used 18240K [0x0000000080000000, 0x0000000084400000, 0x00000000d5580000)
  object space 69632K, 26% used [0x0000000080000000,0x00000000811d0168,0x0000000084400000)
 Metaspace       used 43054K, capacity 44576K, committed 44720K, reserved 1087488K
  class space    used 5835K, capacity 6196K, committed 6320K, reserved 1048576K
GC Heap History (10 events):
Event: 24.746 GC heap before
{Heap before GC invocations=5 (full 0):
 PSYoungGen      total 70656K, used 70632K [0x00000000d5580000, 0x00000000d9f80000, 0x0000000100000000)
  eden space 65536K, 100% used [0x00000000d5580000,0x00000000d9580000,0x00000000d9580000)
  from space 5120K, 99% used [0x00000000d9a80000,0x00000000d9f7a040,0x00000000d9f80000)
  to   space 5120K, 0% used [0x00000000d9580000,0x00000000d9580000,0x00000000d9a80000)
 ParOldGen       total 86016K, used 4192K [0x0000000080000000, 0x0000000085400000, 0x00000000d5580000)
  object space 86016K, 4% used [0x0000000080000000,0x00000000804180f0,0x0000000085400000)
 Metaspace       used 20566K, capacity 21240K, committed 21296K, reserved 1067008K
  class space    used 2870K, capacity 3088K, committed 3120K, reserved 1048576K
Event: 24.757 GC heap after
Heap after GC invocations=5 (full 0):
 PSYoungGen      total 70656K, used 5104K [0x00000000d5580000, 0x00000000dee80000, 0x0000000100000000)
  eden space 65536K, 0% used [0x00000000d5580000,0x00000000d5580000,0x00000000d9580000)
  from space 5120K, 99% used [0x00000000d9580000,0x00000000d9a7c050,0x00000000d9a80000)
  to   space 12800K, 0% used [0x00000000de200000,0x00000000de200000,0x00000000dee80000)
 ParOldGen       total 86016K, used 11078K [0x0000000080000000, 0x0000000085400000, 0x00000000d5580000)
  object space 86016K, 12% used [0x0000000080000000,0x0000000080ad1870,0x0000000085400000)
 Metaspace       used 20566K, capacity 21240K, committed 21296K, reserved 1067008K
  class space    used 2870K, capacity 3088K, committed 3120K, reserved 1048576K
}
Event: 24.757 GC heap before
{Heap before GC invocations=6 (full 1):
 PSYoungGen      total 70656K, used 5104K [0x00000000d5580000, 0x00000000dee80000, 0x0000000100000000)
  eden space 65536K, 0% used [0x00000000d5580000,0x00000000d5580000,0x00000000d9580000)
  from space 5120K, 99% used [0x00000000d9580000,0x00000000d9a7c050,0x00000000d9a80000)
  to   space 12800K, 0% used [0x00000000de200000,0x00000000de200000,0x00000000dee80000)
 ParOldGen       total 86016K, used 11078K [0x0000000080000000, 0x0000000085400000, 0x00000000d5580000)
  object space 86016K, 12% used [0x0000000080000000,0x0000000080ad1870,0x0000000085400000)
 Metaspace       used 20566K, capacity 21240K, committed 21296K, reserved 1067008K
  class space    used 2870K, capacity 3088K, committed 3120K, reserved 1048576K
Event: 24.864 GC heap after
Heap after GC invocations=6 (full 1):
 PSYoungGen      total 70656K, used 0K [0x00000000d5580000, 0x00000000dee80000, 0x0000000100000000)
  eden space 65536K, 0% used [0x00000000d5580000,0x00000000d5580000,0x00000000d9580000)
  from space 5120K, 0% used [0x00000000d9580000,0x00000000d9580000,0x00000000d9a80000)
  to   space 12800K, 0% used [0x00000000de200000,0x00000000de200000,0x00000000dee80000)
 ParOldGen       total 55296K, used 11670K [0x0000000080000000, 0x0000000083600000, 0x00000000d5580000)
  object space 55296K, 21% used [0x0000000080000000,0x0000000080b65b40,0x0000000083600000)
 Metaspace       used 20566K, capacity 21240K, committed 21296K, reserved 1067008K
  class space    used 2870K, capacity 3088K, committed 3120K, reserved 1048576K
}
Event: 33.008 GC heap before
{Heap before GC invocations=7 (full 1):
 PSYoungGen      total 70656K, used 65536K [0x00000000d5580000, 0x00000000dee80000, 0x0000000100000000)
  eden space 65536K, 100% used [0x00000000d5580000,0x00000000d9580000,0x00000000d9580000)
  from space 5120K, 0% used [0x00000000d9580000,0x00000000d9580000,0x00000000d9a80000)
  to   space 12800K, 0% used [0x00000000de200000,0x00000000de200000,0x00000000dee80000)
 ParOldGen       total 55296K, used 11670K [0x0000000080000000, 0x0000000083600000, 0x00000000d5580000)
  object space 55296K, 21% used [0x0000000080000000,0x0000000080b65b40,0x0000000083600000)
 Metaspace       used 28268K, capacity 28992K, committed 29232K, reserved 1075200K
  class space    used 3904K, capacity 4131K, committed 4144K, reserved 1048576K
Event: 33.020 GC heap after
Heap after GC invocations=7 (full 1):
 PSYoungGen      total 130048K, used 8182K [0x00000000d5580000, 0x00000000dea00000, 0x0000000100000000)
  eden space 121856K, 0% used [0x00000000d5580000,0x00000000d5580000,0x00000000dcc80000)
  from space 8192K, 99% used [0x00000000de200000,0x00000000de9fda30,0x00000000dea00000)
  to   space 12800K, 0% used [0x00000000dd100000,0x00000000dd100000,0x00000000ddd80000)
 ParOldGen       total 55296K, used 11678K [0x0000000080000000, 0x0000000083600000, 0x00000000d5580000)
  object space 55296K, 21% used [0x0000000080000000,0x0000000080b67b40,0x0000000083600000)
 Metaspace       used 28268K, capacity 28992K, committed 29232K, reserved 1075200K
  class space    used 3904K, capacity 4131K, committed 4144K, reserved 1048576K
}
Event: 34.911 GC heap before
{Heap before GC invocations=8 (full 1):
 PSYoungGen      total 130048K, used 122642K [0x00000000d5580000, 0x00000000dea00000, 0x0000000100000000)
  eden space 121856K, 93% used [0x00000000d5580000,0x00000000dc547080,0x00000000dcc80000)
  from space 8192K, 99% used [0x00000000de200000,0x00000000de9fda30,0x00000000dea00000)
  to   space 12800K, 0% used [0x00000000dd100000,0x00000000dd100000,0x00000000ddd80000)
 ParOldGen       total 55296K, used 11678K [0x0000000080000000, 0x0000000083600000, 0x00000000d5580000)
  object space 55296K, 21% used [0x0000000080000000,0x0000000080b67b40,0x0000000083600000)
 Metaspace       used 34559K, capacity 35438K, committed 35496K, reserved 1079296K
  class space    used 4747K, capacity 5006K, committed 5040K, reserved 1048576K
Event: 34.928 GC heap after
Heap after GC invocations=8 (full 1):
 PSYoungGen      total 139264K, used 11635K [0x00000000d5580000, 0x00000000e4a80000, 0x0000000100000000)
  eden space 126464K, 0% used [0x00000000d5580000,0x00000000d5580000,0x00000000dd100000)
  from space 12800K, 90% used [0x00000000dd100000,0x00000000ddc5cc40,0x00000000ddd80000)
  to   space 13824K, 0% used [0x00000000e3d00000,0x00000000e3d00000,0x00000000e4a80000)
 ParOldGen       total 55296K, used 11686K [0x0000000080000000, 0x0000000083600000, 0x00000000d5580000)
  object space 55296K, 21% used [0x0000000080000000,0x0000000080b69b40,0x0000000083600000)
 Metaspace       used 34559K, capacity 35438K, committed 35496K, reserved 1079296K
  class space    used 4747K, capacity 5006K, committed 5040K, reserved 1048576K
}
Event: 34.928 GC heap before
{Heap before GC invocations=9 (full 2):
 PSYoungGen      total 139264K, used 11635K [0x00000000d5580000, 0x00000000e4a80000, 0x0000000100000000)
  eden space 126464K, 0% used [0x00000000d5580000,0x00000000d5580000,0x00000000dd100000)
  from space 12800K, 90% used [0x00000000dd100000,0x00000000ddc5cc40,0x00000000ddd80000)
  to   space 13824K, 0% used [0x00000000e3d00000,0x00000000e3d00000,0x00000000e4a80000)
 ParOldGen       total 55296K, used 11686K [0x0000000080000000, 0x0000000083600000, 0x00000000d5580000)
  object space 55296K, 21% used [0x0000000080000000,0x0000000080b69b40,0x0000000083600000)
 Metaspace       used 34559K, capacity 35438K, committed 35496K, reserved 1079296K
  class space    used 4747K, capacity 5006K, committed 5040K, reserved 1048576K
Event: 34.999 GC heap after
Heap after GC invocations=9 (full 2):
 PSYoungGen      total 139264K, used 0K [0x00000000d5580000, 0x00000000e4a80000, 0x0000000100000000)
  eden space 126464K, 0% used [0x00000000d5580000,0x00000000d5580000,0x00000000dd100000)
  from space 12800K, 0% used [0x00000000dd100000,0x00000000dd100000,0x00000000ddd80000)
  to   space 13824K, 0% used [0x00000000e3d00000,0x00000000e3d00000,0x00000000e4a80000)
 ParOldGen       total 69632K, used 18240K [0x0000000080000000, 0x0000000084400000, 0x00000000d5580000)
  object space 69632K, 26% used [0x0000000080000000,0x00000000811d0168,0x0000000084400000)
 Metaspace       used 34559K, capacity 35438K, committed 35496K, reserved 1079296K
  class space    used 4747K, capacity 5006K, committed 5040K, reserved 1048576K
}

